\BOOKMARK [0][-]{section*.1}{Contents}{}% 1
\BOOKMARK [0][-]{chapter.1}{Introduction}{}% 2
\BOOKMARK [1][-]{section.1.1}{Features}{chapter.1}% 3
\BOOKMARK [2][-]{subsection.1.1.1}{Extra package includes}{section.1.1}% 4
\BOOKMARK [2][-]{subsection.1.1.2}{Layout setup}{section.1.1}% 5
\BOOKMARK [2][-]{subsection.1.1.3}{Theorem setup}{section.1.1}% 6
\BOOKMARK [2][-]{subsection.1.1.4}{Macro setup}{section.1.1}% 7
\BOOKMARK [0][-]{chapter.2}{Writing scientific texts in English}{}% 8
\BOOKMARK [1][-]{section.2.1}{Basic writing rules}{chapter.2}% 9
\BOOKMARK [1][-]{section.2.2}{Being nice to the reader}{chapter.2}% 10
\BOOKMARK [1][-]{section.2.3}{A few important grammar rules}{chapter.2}% 11
\BOOKMARK [1][-]{section.2.4}{Things you \(usually\) don't say in English}{chapter.2}% 12
\BOOKMARK [0][-]{chapter.3}{Typography}{}% 13
\BOOKMARK [1][-]{section.3.1}{Punctuation}{chapter.3}% 14
\BOOKMARK [1][-]{section.3.2}{Spacing}{chapter.3}% 15
\BOOKMARK [1][-]{section.3.3}{Choice of `fonts'}{chapter.3}% 16
\BOOKMARK [1][-]{section.3.4}{Displayed equations}{chapter.3}% 17
\BOOKMARK [1][-]{section.3.5}{Floats}{chapter.3}% 18
\BOOKMARK [0][-]{chapter.4}{Example Chapter}{}% 19
\BOOKMARK [1][-]{section.4.1}{Example Section}{chapter.4}% 20
\BOOKMARK [2][-]{subsection.4.1.1}{Example Subsection}{section.4.1}% 21
\BOOKMARK [0][-]{appendix.A}{Dummy Appendix}{}% 22
\BOOKMARK [0][-]{section*.6}{Bibliography}{}% 23
