\BOOKMARK [0][-]{Doc-Start}{Abstract}{}% 1
\BOOKMARK [0][-]{section*.1}{Contents}{}% 2
\BOOKMARK [0][-]{section*.2}{List of Figures}{}% 3
\BOOKMARK [0][-]{section*.3}{List of Tables}{}% 4
\BOOKMARK [0][-]{chapter.1}{Introduction}{}% 5
\BOOKMARK [1][-]{section.1.1}{Focus of this Work}{chapter.1}% 6
\BOOKMARK [0][-]{chapter.2}{Related Work}{}% 7
\BOOKMARK [1][-]{section.2.1}{Motion Capture}{chapter.2}% 8
\BOOKMARK [1][-]{section.2.2}{Human Poses Estimation}{chapter.2}% 9
\BOOKMARK [1][-]{section.2.3}{Soccer on Your Tabletop}{chapter.2}% 10
\BOOKMARK [1][-]{section.2.4}{Filterpy}{chapter.2}% 11
\BOOKMARK [0][-]{chapter.3}{Method}{}% 12
\BOOKMARK [1][-]{section.3.1}{Calibration}{chapter.3}% 13
\BOOKMARK [1][-]{section.3.2}{Player Detection}{chapter.3}% 14
\BOOKMARK [1][-]{section.3.3}{2D Pose Estimation}{chapter.3}% 15
\BOOKMARK [1][-]{section.3.4}{2D Refinement \046 mapping}{chapter.3}% 16
\BOOKMARK [1][-]{section.3.5}{3D Pose Fusion}{chapter.3}% 17
\BOOKMARK [0][-]{chapter.4}{Results and Discussion}{}% 18
\BOOKMARK [0][-]{chapter.5}{Conclusion}{}% 19
\BOOKMARK [1][-]{section.5.1}{Future Work}{chapter.5}% 20
